[845421606]
joinsessiontime=1504168123
[847252365]
joinsessiontime=1506409394
[844087836]
joinsessiontime=1506579202
[841658366]
joinsessiontime=1507008751
[848604008]
joinsessiontime=1507095733
[845504979]
joinsessiontime=1507181635
[842289830]
joinsessiontime=1507527227
[849620801]
joinsessiontime=1507613699
[846008126]
joinsessiontime=1507786390
[844805841]
joinsessiontime=1507873713
[841066746]
joinsessiontime=1508132602
[845715928]
joinsessiontime=1508218718
[848349610]
joinsessiontime=1508477565
[842580599]
joinsessiontime=1508823339
[844471473]
joinsessiontime=1508910505
[848171273]
joinsessiontime=1508996154
[845250685]
joinsessiontime=1508997198
[848941393]
joinsessiontime=1509428506
[845346750]
joinsessiontime=1509428906
[849616635]
joinsessiontime=1509514750
